{
  "RSpec": {
    "coverage": {
      "/Users/rosemarythomas/Dropbox/devpoint/testing/bobslist/spec/controllers/items_controller_spec.rb": [
        1,
        null,
        1,
        2,
        null,
        1,
        1,
        0,
        0,
        null,
        null,
        null,
        1,
        1,
        0,
        0,
        null,
        null,
        null,
        1,
        1,
        0,
        0,
        null,
        null,
        null,
        null,
        1,
        1,
        0,
        0,
        null,
        null,
        1,
        0,
        0,
        null,
        null,
        null,
        1,
        1,
        0,
        0,
        null,
        null,
        1,
        0,
        0,
        null,
        null,
        null,
        1,
        1,
        1,
        1,
        1,
        null,
        null,
        null
      ],
      "/Users/rosemarythomas/Dropbox/devpoint/testing/bobslist/spec/rails_helper.rb": [
        null,
        1,
        1,
        null,
        1,
        1,
        1,
        null,
        null,
        null,
        null,
        null,
        null,
        null,
        null,
        null,
        null,
        null,
        null,
        null,
        null,
        null,
        null,
        null,
        null,
        null,
        1,
        null,
        1,
        null,
        1,
        null,
        null,
        null,
        null,
        1,
        null,
        null,
        null,
        null,
        null,
        null,
        null,
        null,
        null,
        null,
        null,
        null,
        null,
        null,
        1,
        null
      ],
      "/Users/rosemarythomas/Dropbox/devpoint/testing/bobslist/config/environment.rb": [
        null,
        1,
        null,
        null,
        1
      ],
      "/Users/rosemarythomas/Dropbox/devpoint/testing/bobslist/config/application.rb": [
        1,
        null,
        1,
        null,
        null,
        null,
        1,
        null,
        1,
        1,
        null,
        null,
        null,
        null,
        null,
        null,
        null,
        null,
        null,
        null,
        null,
        null,
        null,
        1,
        null,
        null
      ],
      "/Users/rosemarythomas/Dropbox/devpoint/testing/bobslist/config/boot.rb": [
        1,
        null,
        1
      ],
      "/Users/rosemarythomas/Dropbox/devpoint/testing/bobslist/config/environments/test.rb": [
        1,
        null,
        null,
        null,
        null,
        null,
        null,
        1,
        null,
        null,
        null,
        null,
        1,
        null,
        null,
        1,
        1,
        null,
        null,
        1,
        1,
        null,
        null,
        1,
        null,
        null,
        1,
        null,
        null,
        null,
        null,
        1,
        null,
        null,
        1,
        null,
        null,
        1,
        null,
        null,
        null,
        null
      ],
      "/Users/rosemarythomas/Dropbox/devpoint/testing/bobslist/config/initializers/assets.rb": [
        null,
        null,
        null,
        1,
        null,
        null,
        null,
        null,
        null,
        null,
        null
      ],
      "/Users/rosemarythomas/Dropbox/devpoint/testing/bobslist/config/initializers/backtrace_silencers.rb": [
        null,
        null,
        null,
        null,
        null,
        null,
        null
      ],
      "/Users/rosemarythomas/Dropbox/devpoint/testing/bobslist/config/initializers/cookies_serializer.rb": [
        null,
        null,
        1
      ],
      "/Users/rosemarythomas/Dropbox/devpoint/testing/bobslist/config/initializers/filter_parameter_logging.rb": [
        null,
        null,
        null,
        1
      ],
      "/Users/rosemarythomas/Dropbox/devpoint/testing/bobslist/config/initializers/inflections.rb": [
        null,
        null,
        null,
        null,
        null,
        null,
        null,
        null,
        null,
        null,
        null,
        null,
        null,
        null,
        null,
        null
      ],
      "/Users/rosemarythomas/Dropbox/devpoint/testing/bobslist/config/initializers/mime_types.rb": [
        null,
        null,
        null,
        null
      ],
      "/Users/rosemarythomas/Dropbox/devpoint/testing/bobslist/config/initializers/session_store.rb": [
        null,
        null,
        1
      ],
      "/Users/rosemarythomas/Dropbox/devpoint/testing/bobslist/config/initializers/wrap_parameters.rb": [
        null,
        null,
        null,
        null,
        null,
        null,
        1,
        1,
        null,
        null,
        null,
        null,
        null,
        null
      ],
      "/Users/rosemarythomas/Dropbox/devpoint/testing/bobslist/config/routes.rb": [
        1,
        1,
        null,
        null,
        null,
        null,
        null,
        null,
        null,
        null,
        null,
        null,
        null,
        null,
        null,
        null,
        null,
        null,
        null,
        null,
        null,
        null,
        null,
        null,
        null,
        null,
        null,
        null,
        null,
        null,
        null,
        null,
        null,
        null,
        null,
        null,
        null,
        null,
        null,
        null,
        null,
        null,
        null,
        null,
        null,
        null,
        null,
        null,
        null,
        null,
        null,
        null,
        null,
        null,
        null,
        null,
        null,
        null
      ],
      "/Users/rosemarythomas/Dropbox/devpoint/testing/bobslist/app/helpers/application_helper.rb": [
        1,
        null
      ],
      "/Users/rosemarythomas/Dropbox/devpoint/testing/bobslist/app/helpers/items_helper.rb": [
        1,
        null
      ],
      "/Users/rosemarythomas/Dropbox/devpoint/testing/bobslist/app/controllers/items_controller.rb": [
        1,
        1,
        null,
        1,
        0,
        null,
        null,
        1,
        0,
        null,
        null,
        1,
        0,
        0,
        0,
        0,
        null,
        0,
        0,
        null,
        null,
        null,
        1,
        null,
        null,
        null,
        1,
        0,
        0,
        0,
        null,
        0,
        0,
        null,
        null,
        null,
        1,
        null,
        null,
        null,
        1,
        1,
        1,
        1,
        null,
        0,
        0,
        null,
        null,
        null,
        1,
        null,
        1,
        0,
        null,
        null,
        1,
        1,
        1,
        0,
        null,
        null,
        null
      ],
      "/Users/rosemarythomas/Dropbox/devpoint/testing/bobslist/app/controllers/application_controller.rb": [
        1,
        null,
        null,
        1,
        null
      ],
      "/Users/rosemarythomas/Dropbox/devpoint/testing/bobslist/app/models/item.rb": [
        1,
        null,
        1,
        null,
        1,
        0,
        null,
        null,
        null
      ]
    },
    "timestamp": 1435183353
  }
}
